2024-05-19 15:01:45,818 - app - INFO - App started
2024-05-19 15:01:46,021 - app - INFO - App started
2024-05-19 15:01:46,021 - app - INFO - App started
2024-05-19 15:07:15,398 - app - INFO - App started
2024-05-19 15:07:15,398 - app - INFO - App started
2024-05-19 15:07:15,603 - app - INFO - App started
2024-05-19 15:07:15,604 - app - INFO - App started
2024-05-19 15:12:39,164 - app - DEBUG - Headers: Host: localhost:5000
Connection: keep-alive
Sec-Ch-Ua: "Not_A Brand";v="8", "Chromium";v="120", "YaBrowser";v="24.1", "Yowser";v="2.5"
Sec-Ch-Ua-Mobile: ?0
Sec-Ch-Ua-Platform: "Linux"
Upgrade-Insecure-Requests: 1
User-Agent: Mozilla/5.0 (X11; Linux x86_64) AppleWebKit/537.36 (KHTML, like Gecko) Chrome/120.0.0.0 YaBrowser/24.1.0.0 Safari/537.36
Accept: text/html,application/xhtml+xml,application/xml;q=0.9,image/avif,image/webp,image/apng,*/*;q=0.8,application/signed-exchange;v=b3;q=0.7
Sec-Fetch-Site: none
Sec-Fetch-Mode: navigate
Sec-Fetch-User: ?1
Sec-Fetch-Dest: document
Accept-Encoding: gzip, deflate, br
Accept-Language: ru,en;q=0.9
Cookie: grafana_session=2fe9a56cf4eaf3a4e41a6841c114a0c4


2024-05-19 15:12:39,165 - app - DEBUG - Body: b''
2024-05-19 15:12:39,219 - app - DEBUG - Response: 200 OK
2024-05-19 15:12:39,250 - app - DEBUG - Headers: Host: localhost:5000
Connection: keep-alive
Sec-Ch-Ua: "Not_A Brand";v="8", "Chromium";v="120", "YaBrowser";v="24.1", "Yowser";v="2.5"
Sec-Ch-Ua-Mobile: ?0
User-Agent: Mozilla/5.0 (X11; Linux x86_64) AppleWebKit/537.36 (KHTML, like Gecko) Chrome/120.0.0.0 YaBrowser/24.1.0.0 Safari/537.36
Sec-Ch-Ua-Platform: "Linux"
Accept: text/css,*/*;q=0.1
Sec-Fetch-Site: same-origin
Sec-Fetch-Mode: no-cors
Sec-Fetch-Dest: style
Referer: http://localhost:5000/
Accept-Encoding: gzip, deflate, br
Accept-Language: ru,en;q=0.9
Cookie: grafana_session=2fe9a56cf4eaf3a4e41a6841c114a0c4
If-Modified-Since: Sat, 18 May 2024 18:26:13 GMT


2024-05-19 15:12:39,251 - app - DEBUG - Body: b''
2024-05-19 15:12:39,253 - app - DEBUG - Response: 304 NOT MODIFIED
2024-05-19 15:12:39,729 - app - DEBUG - Headers: Host: localhost:5000
Connection: keep-alive
Sec-Ch-Ua: "Not_A Brand";v="8", "Chromium";v="120", "YaBrowser";v="24.1", "Yowser";v="2.5"
Sec-Ch-Ua-Mobile: ?0
User-Agent: Mozilla/5.0 (X11; Linux x86_64) AppleWebKit/537.36 (KHTML, like Gecko) Chrome/120.0.0.0 YaBrowser/24.1.0.0 Safari/537.36
Sec-Ch-Ua-Platform: "Linux"
Accept: image/avif,image/webp,image/apng,image/svg+xml,image/*,*/*;q=0.8
Sec-Fetch-Site: same-origin
Sec-Fetch-Mode: no-cors
Sec-Fetch-Dest: image
Referer: http://localhost:5000/
Accept-Encoding: gzip, deflate, br
Accept-Language: ru,en;q=0.9
Cookie: grafana_session=2fe9a56cf4eaf3a4e41a6841c114a0c4


2024-05-19 15:12:39,729 - app - DEBUG - Body: b''
2024-05-19 15:12:39,729 - app - ERROR - An error occurred: 404 Not Found: The requested URL was not found on the server. If you entered the URL manually please check your spelling and try again.
2024-05-19 15:12:39,729 - app - DEBUG - Response: 500 INTERNAL SERVER ERROR
2024-05-19 15:16:58,958 - app - DEBUG - Headers: Host: localhost:5000
Connection: keep-alive
Sec-Ch-Ua: "Not_A Brand";v="8", "Chromium";v="120", "YaBrowser";v="24.1", "Yowser";v="2.5"
Sec-Ch-Ua-Mobile: ?0
Sec-Ch-Ua-Platform: "Linux"
Upgrade-Insecure-Requests: 1
User-Agent: Mozilla/5.0 (X11; Linux x86_64) AppleWebKit/537.36 (KHTML, like Gecko) Chrome/120.0.0.0 YaBrowser/24.1.0.0 Safari/537.36
Accept: text/html,application/xhtml+xml,application/xml;q=0.9,image/avif,image/webp,image/apng,*/*;q=0.8,application/signed-exchange;v=b3;q=0.7
Sec-Fetch-Site: none
Sec-Fetch-Mode: navigate
Sec-Fetch-User: ?1
Sec-Fetch-Dest: document
Accept-Encoding: gzip, deflate, br
Accept-Language: ru,en;q=0.9
Cookie: grafana_session=2fe9a56cf4eaf3a4e41a6841c114a0c4


2024-05-19 15:16:58,961 - app - DEBUG - Body: b''
2024-05-19 15:16:59,032 - app - DEBUG - Response: 200 OK
2024-05-19 15:16:59,054 - app - DEBUG - Headers: Host: localhost:5000
Connection: keep-alive
Sec-Ch-Ua: "Not_A Brand";v="8", "Chromium";v="120", "YaBrowser";v="24.1", "Yowser";v="2.5"
Sec-Ch-Ua-Mobile: ?0
User-Agent: Mozilla/5.0 (X11; Linux x86_64) AppleWebKit/537.36 (KHTML, like Gecko) Chrome/120.0.0.0 YaBrowser/24.1.0.0 Safari/537.36
Sec-Ch-Ua-Platform: "Linux"
Accept: text/css,*/*;q=0.1
Sec-Fetch-Site: same-origin
Sec-Fetch-Mode: no-cors
Sec-Fetch-Dest: style
Referer: http://localhost:5000/
Accept-Encoding: gzip, deflate, br
Accept-Language: ru,en;q=0.9
Cookie: grafana_session=2fe9a56cf4eaf3a4e41a6841c114a0c4
If-Modified-Since: Sat, 18 May 2024 18:26:13 GMT


2024-05-19 15:16:59,055 - app - DEBUG - Body: b''
2024-05-19 15:16:59,056 - app - DEBUG - Response: 304 NOT MODIFIED
2024-05-19 15:16:59,483 - app - DEBUG - Headers: Host: localhost:5000
Connection: keep-alive
Sec-Ch-Ua: "Not_A Brand";v="8", "Chromium";v="120", "YaBrowser";v="24.1", "Yowser";v="2.5"
Sec-Ch-Ua-Mobile: ?0
User-Agent: Mozilla/5.0 (X11; Linux x86_64) AppleWebKit/537.36 (KHTML, like Gecko) Chrome/120.0.0.0 YaBrowser/24.1.0.0 Safari/537.36
Sec-Ch-Ua-Platform: "Linux"
Accept: image/avif,image/webp,image/apng,image/svg+xml,image/*,*/*;q=0.8
Sec-Fetch-Site: same-origin
Sec-Fetch-Mode: no-cors
Sec-Fetch-Dest: image
Referer: http://localhost:5000/
Accept-Encoding: gzip, deflate, br
Accept-Language: ru,en;q=0.9
Cookie: grafana_session=2fe9a56cf4eaf3a4e41a6841c114a0c4


2024-05-19 15:16:59,483 - app - DEBUG - Body: b''
2024-05-19 15:16:59,483 - app - ERROR - An error occurred: 404 Not Found: The requested URL was not found on the server. If you entered the URL manually please check your spelling and try again.
2024-05-19 15:16:59,484 - app - DEBUG - Response: 500 INTERNAL SERVER ERROR
2024-05-19 15:22:05,104 - app - INFO - App started
2024-05-19 15:22:05,104 - app - INFO - App started
2024-05-19 15:22:05,367 - app - INFO - App started
2024-05-19 15:22:05,367 - app - INFO - App started
2024-05-19 15:37:33,047 - app - INFO - App started
2024-05-19 15:37:33,047 - app - INFO - App started
2024-05-19 15:37:33,249 - app - INFO - App started
2024-05-19 15:37:33,249 - app - INFO - App started
2024-05-19 15:41:43,083 - app - INFO - App started
2024-05-19 15:41:43,083 - app - INFO - App started
2024-05-19 15:41:43,279 - app - INFO - App started
2024-05-19 15:41:43,279 - app - INFO - App started
